{'instType': 'SWAP',
 'instId': '1INCH-USDT-SWAP',
 'tgtCcy': '',
 'ccy': '',
 'ordId': '1936441788160638976',
 'clOrdId': '',
 'algoClOrdId': '',
 'algoId': '',
 'tag': '',
 'px': '',
 'sz': '9',
 'notionalUsd': '2.360797056',
 'ordType': 'market',
 'side': 'buy',
 'posSide': 'short',
 'tdMode': 'isolated',
 'accFillSz': '0',
 'fillNotionalUsd': '',
 'avgPx': '0',
 'state': 'live',
 'lever': '4',
 'pnl': '0',
 'feeCcy': 'USDT',
 'fee': '0',
 'rebateCcy': 'USDT',
 'rebate': '0',
 'category': 'normal',
 'uTime': '1730212862455',
 'cTime': '1730212862455',
 'source': '',
 'reduceOnly': 'true',
 'cancelSource': '',
 'quickMgnType': '',
 'stpId': '',
 'stpMode': 'cancel_maker',
 'attachAlgoClOrdId': '',
 'lastPx': '0.2624',
 'isTpLimit': 'false',
 'tpTriggerPx': '0',
 'tpTriggerPxType': '',
 'tpOrdPx': '0',
 'slTriggerPx': '0',
 'slOrdPx': '0',
 'slTriggerPxType': '',
 'fillPx': '',
 'tradeId': '',
 'fillSz': '0',
 'fillTime': '',
 'fillPnl': '0',
 'fillFee': '0',
 'fillFeeCcy': '',
 'execType': '',
 'fillPxVol': '',
 'fillPxUsd': '',
 'fillMarkVol': '',
 'fillFwdPx': '',
 'fillMarkPx': '',
 'amendSource': '',
 'reqId': '',
 'amendResult': '',
 'code': '0',
 'msg': '',
 'pxType': '',
 'pxUsd': '',
 'pxVol': '',
 'linkedAlgoOrd': {'algoId': ''},
 'attachAlgoOrds': [],
 'account_id': 2}




{'instType': 'SWAP',
 'instId': '1INCH-USDT-SWAP',
 'tgtCcy': '',
 'ccy': '',
 'ordId': '1936441788160638976',
 'clOrdId': '',
 'algoClOrdId': '',
 'algoId': '',
 'tag': '',
 'px': '',
 'sz': '9',
 'notionalUsd': '2.36169675',
 'ordType': 'market',
 'side': 'buy',
 'posSide': 'short',
 'tdMode': 'isolated',
 'accFillSz': '9',
 'fillNotionalUsd': '2.36169675',
 'avgPx': '0.2625',
 'state': 'filled',
 'lever': '4',
 'pnl': '-0.0036',
 'feeCcy': 'USDT',
 'fee': '-0.00118125',
 'rebateCcy': 'USDT',
 'rebate': '0',
 'category': 'normal',
 'uTime': '1730212862456',
 'cTime': '1730212862455',
 'source': '',
 'reduceOnly': 'true',
 'cancelSource': '',
 'quickMgnType': '',
 'stpId': '',
 'stpMode': 'cancel_maker',
 'attachAlgoClOrdId': '',
 'lastPx': '0.2625',
 'isTpLimit': 'false',
 'tpTriggerPx': '',
 'tpTriggerPxType': '',
 'tpOrdPx': '',
 'slTriggerPx': '',
 'slOrdPx': '',
 'slTriggerPxType': '',
 'fillPx': '0.2625',
 'tradeId': '34883766',
 'fillSz': '9',
 'fillTime': '1730212862456',
 'fillPnl': '-0.0036',
 'fillFee': '-0.00118125',
 'fillFeeCcy': 'USDT',
 'execType': 'T',
 'fillPxVol': '',
 'fillPxUsd': '',
 'fillMarkVol': '',
 'fillFwdPx': '',
 'fillMarkPx': '0.2624',
 'amendSource': '',
 'reqId': '',
 'amendResult': '',
 'code': '0',
 'msg': '',
 'pxType': '',
 'pxUsd': '',
 'pxVol': '',
 'linkedAlgoOrd': {'algoId': ''},
 'attachAlgoOrds': [],
 'account_id': 2}





{'adl': '',
 'availPos': '',
 'avgPx': '',
 'baseBal': '',
 'baseBorrowed': '',
 'baseInterest': '',
 'bePx': '',
 'bizRefId': '',
 'bizRefType': '',
 'cTime': '1730212455545',
 'ccy': 'USDT',
 'clSpotInUseAmt': '',
 'closeOrderAlgo': [],
 'deltaBS': '',
 'deltaPA': '',
 'fee': '',
 'fundingFee': '',
 'gammaBS': '',
 'gammaPA': '',
 'idxPx': '',
 'imr': '',
 'instId': '1INCH-USDT-SWAP',
 'instType': 'SWAP',
 'interest': '',
 'last': '',
 'lever': '',
 'liab': '',
 'liabCcy': '',
 'liqPenalty': '',
 'liqPx': '',
 'margin': '',
 'markPx': '',
 'maxSpotInUseAmt': '',
 'mgnMode': 'isolated',
 'mgnRatio': '',
 'mmr': '0',
 'notionalUsd': '',
 'optVal': '',
 'pTime': '1730212862540',
 'pendingCloseOrdLiabVal': '',
 'pnl': '',
 'pos': '0',
 'posCcy': '',
 'posId': '1936404784601464832',
 'posSide': 'short',
 'quoteBal': '',
 'quoteBorrowed': '',
 'quoteInterest': '',
 'realizedPnl': '',
 'spotInUseAmt': '',
 'spotInUseCcy': '',
 'thetaBS': '',
 'thetaPA': '',
 'tradeId': '34883766',
 'uTime': '1730212862456',
 'upl': '',
 'uplLastPx': '',
 'uplRatio': '',
 'uplRatioLastPx': '',
 'usdPx': '',
 'vegaBS': '',
 'vegaPA': '',
 'account_id': 2}


