{'instType': 'SWAP',
 'instId': '1INCH-USDT-SWAP',
 'tgtCcy': '',
 'ccy': '',
 'ordId': '1936438202164936704',
 'clOrdId': '',
 'algoClOrdId': '',
 'algoId': '',
 'tag': '',
 'px': '',
 'sz': '1',
 'notionalUsd': '0.262226556',
 'ordType': 'market',
 'side': 'buy',
 'posSide': 'short',
 'tdMode': 'isolated',
 'accFillSz': '0',
 'fillNotionalUsd': '',
 'avgPx': '0',
 'state': 'live',
 'lever': '4',
 'pnl': '0',
 'feeCcy': 'USDT',
 'fee': '0',
 'rebateCcy': 'USDT',
 'rebate': '0',
 'category': 'normal',
 'uTime': '1730212755584',
 'cTime': '1730212755584',
 'source': '',
 'reduceOnly': 'true',
 'cancelSource': '',
 'quickMgnType': '',
 'stpId': '',
 'stpMode': 'cancel_maker',
 'attachAlgoClOrdId': '',
 'lastPx': '0.2623',
 'isTpLimit': 'false',
 'slTriggerPx': '',
 'slTriggerPxType': '',
 'tpOrdPx': '',
 'tpTriggerPx': '',
 'tpTriggerPxType': '',
 'slOrdPx': '',
 'fillPx': '',
 'tradeId': '',
 'fillSz': '0',
 'fillTime': '',
 'fillPnl': '0',
 'fillFee': '0',
 'fillFeeCcy': '',
 'execType': '',
 'fillPxVol': '',
 'fillPxUsd': '',
 'fillMarkVol': '',
 'fillFwdPx': '',
 'fillMarkPx': '',
 'amendSource': '',
 'reqId': '',
 'amendResult': '',
 'code': '0',
 'msg': '',
 'pxType': '',
 'pxUsd': '',
 'pxVol': '',
 'linkedAlgoOrd': {'algoId': ''},
 'attachAlgoOrds': [],
 'account_id': 2}



{'instType': 'SWAP',
 'instId': '1INCH-USDT-SWAP',
 'tgtCcy': '',
 'ccy': '',
 'ordId': '1936438202164936704',
 'clOrdId': '',
 'algoClOrdId': '',
 'algoId': '',
 'tag': '',
 'px': '',
 'sz': '1',
 'notionalUsd': '0.26232652800000006',
 'ordType': 'market',
 'side': 'buy',
 'posSide': 'short',
 'tdMode': 'isolated',
 'accFillSz': '1',
 'fillNotionalUsd': '0.2623265280000001',
 'avgPx': '0.2624',
 'state': 'filled',
 'lever': '4',
 'pnl': '-0.0003',
 'feeCcy': 'USDT',
 'fee': '-0.0001312',
 'rebateCcy': 'USDT',
 'rebate': '0',
 'category': 'normal',
 'uTime': '1730212755585',
 'cTime': '1730212755584',
 'source': '',
 'reduceOnly': 'true',
 'cancelSource': '',
 'quickMgnType': '',
 'stpId': '',
 'stpMode': 'cancel_maker',
 'attachAlgoClOrdId': '',
 'lastPx': '0.2624',
 'isTpLimit': 'false',
 'slTriggerPx': '',
 'slTriggerPxType': '',
 'tpOrdPx': '',
 'tpTriggerPx': '',
 'tpTriggerPxType': '',
 'slOrdPx': '',
 'fillPx': '0.2624',
 'tradeId': '34883740',
 'fillSz': '1',
 'fillTime': '1730212755584',
 'fillPnl': '-0.0003',
 'fillFee': '-0.0001312',
 'fillFeeCcy': 'USDT',
 'execType': 'T',
 'fillPxVol': '',
 'fillPxUsd': '',
 'fillMarkVol': '',
 'fillFwdPx': '',
 'fillMarkPx': '0.2623',
 'amendSource': '',
 'reqId': '',
 'amendResult': '',
 'code': '0',
 'msg': '',
 'pxType': '',
 'pxUsd': '',
 'pxVol': '',
 'linkedAlgoOrd': {'algoId': ''},
 'attachAlgoOrds': [],
 'account_id': 2}



{'adl': '1',
 'availPos': '9',
 'avgPx': '0.2621',
 'baseBal': '',
 'baseBorrowed': '',
 'baseInterest': '',
 'bePx': '0.2617755899827864',
 'bizRefId': '',
 'bizRefType': '',
 'cTime': '1730212455545',
 'ccy': 'USDT',
 'clSpotInUseAmt': '',
 'closeOrderAlgo': [],
 'deltaBS': '',
 'deltaPA': '',
 'fee': '-0.0014417',
 'fundingFee': '0',
 'gammaBS': '',
 'gammaPA': '',
 'idxPx': '0.2623000000000000',
 'imr': '',
 'instId': '1INCH-USDT-SWAP',
 'instType': 'SWAP',
 'interest': '',
 'last': '0.2623',
 'lever': '4',
 'liab': '',
 'liabCcy': '',
 'liqPenalty': '0',
 'liqPx': '0.3252475670307846',
 'margin': '0.589725',
 'markPx': '0.2623',
 'maxSpotInUseAmt': '',
 'mgnMode': 'isolated',
 'mgnRatio': '35.57812755296555',
 'mmr': '0.01534455',
 'notionalUsd': '2.360039004',
 'optVal': '',
 'pTime': '1730212755606',
 'pendingCloseOrdLiabVal': '',
 'pnl': '-0.0003',
 'pos': '9',
 'posCcy': '',
 'posId': '1936404784601464832',
 'posSide': 'short',
 'quoteBal': '',
 'quoteBorrowed': '',
 'quoteInterest': '',
 'realizedPnl': '-0.0017417',
 'spotInUseAmt': '',
 'spotInUseCcy': '',
 'thetaBS': '',
 'thetaPA': '',
 'tradeId': '34883740',
 'uTime': '1730212755585',
 'upl': '-0.0017999999999998',
 'uplLastPx': '-0.0017999999999998',
 'uplRatio': '-0.0030522701259059',
 'uplRatioLastPx': '-0.0030522701259059',
 'usdPx': '',
 'vegaBS': '',
 'vegaPA': '',
 'account_id': 2}

