{'instType': 'SWAP',
 'instId': '1INCH-USDT-SWAP',
 'tgtCcy': '',
 'ccy': '',
 'ordId': '1936428134493159424',
 'clOrdId': '',
 'algoClOrdId': '',
 'algoId': '',
 'tag': '',
 'px': '',
 'sz': '10',
 'notionalUsd': '2.6200040199999997',
 'ordType': 'market',
 'side': 'sell',
 'posSide': 'short',
 'tdMode': 'isolated',
 'accFillSz': '0',
 'fillNotionalUsd': '',
 'avgPx': '0',
 'state': 'live',
 'lever': '4',
 'pnl': '0',
 'feeCcy': 'USDT',
 'fee': '0',
 'rebateCcy': 'USDT',
 'rebate': '0',
 'category': 'normal',
 'uTime': '1730212455544',
 'cTime': '1730212455544',
 'source': '',
 'reduceOnly': 'false',
 'cancelSource': '',
 'quickMgnType': '',
 'stpId': '',
 'stpMode': 'cancel_maker',
 'attachAlgoClOrdId': '',
 'lastPx': '0.2621',
 'isTpLimit': 'false',
 'slTriggerPx': '',
 'slTriggerPxType': '',
 'tpOrdPx': '',
 'tpTriggerPx': '',
 'tpTriggerPxType': '',
 'slOrdPx': '',
 'fillPx': '',
 'tradeId': '',
 'fillSz': '0',
 'fillTime': '',
 'fillPnl': '0',
 'fillFee': '0',
 'fillFeeCcy': '',
 'execType': '',
 'fillPxVol': '',
 'fillPxUsd': '',
 'fillMarkVol': '',
 'fillFwdPx': '',
 'fillMarkPx': '',
 'amendSource': '',
 'reqId': '',
 'amendResult': '',
 'code': '0',
 'msg': '',
 'pxType': '',
 'pxUsd': '',
 'pxVol': '',
 'linkedAlgoOrd': {'algoId': ''},
 'attachAlgoOrds': [],
 'account_id': 2}



{'instType': 'SWAP',
 'instId': '1INCH-USDT-SWAP',
 'tgtCcy': '',
 'ccy': '',
 'ordId': '1936428134493159424',
 'clOrdId': '',
 'algoClOrdId': '',
 'algoId': '',
 'tag': '',
 'px': '',
 'sz': '10',
 'notionalUsd': '2.6200040199999997',
 'ordType': 'market',
 'side': 'sell',
 'posSide': 'short',
 'tdMode': 'isolated',
 'accFillSz': '10',
 'fillNotionalUsd': '2.6200040199999997',
 'avgPx': '0.2621',
 'state': 'filled',
 'lever': '4',
 'pnl': '0',
 'feeCcy': 'USDT',
 'fee': '-0.0013105',
 'rebateCcy': 'USDT',
 'rebate': '0',
 'category': 'normal',
 'uTime': '1730212455545',
 'cTime': '1730212455544',
 'source': '',
 'reduceOnly': 'false',
 'cancelSource': '',
 'quickMgnType': '',
 'stpId': '',
 'stpMode': 'cancel_maker',
 'attachAlgoClOrdId': '',
 'lastPx': '0.2621',
 'isTpLimit': 'false',
 'slTriggerPx': '',
 'slTriggerPxType': '',
 'tpOrdPx': '',
 'tpTriggerPx': '',
 'tpTriggerPxType': '',
 'slOrdPx': '',
 'fillPx': '0.2621',
 'tradeId': '34883582',
 'fillSz': '10',
 'fillTime': '1730212455545',
 'fillPnl': '0',
 'fillFee': '-0.0013105',
 'fillFeeCcy': 'USDT',
 'execType': 'T',
 'fillPxVol': '',
 'fillPxUsd': '',
 'fillMarkVol': '',
 'fillFwdPx': '',
 'fillMarkPx': '0.2622',
 'amendSource': '',
 'reqId': '',
 'amendResult': '',
 'code': '0',
 'msg': '',
 'pxType': '',
 'pxUsd': '',
 'pxVol': '',
 'linkedAlgoOrd': {'algoId': ''},
 'attachAlgoOrds': [],
 'account_id': 2}




{'adl': '1',
 'availPos': '10',
 'avgPx': '0.2621',
 'baseBal': '',
 'baseBorrowed': '',
 'baseInterest': '',
 'bePx': '0.2618380309845078',
 'bizRefId': '',
 'bizRefType': '',
 'cTime': '1730212455545',
 'ccy': 'USDT',
 'clSpotInUseAmt': '',
 'closeOrderAlgo': [],
 'deltaBS': '',
 'deltaPA': '',
 'fee': '-0.0013105',
 'fundingFee': '0',
 'gammaBS': '',
 'gammaPA': '',
 'idxPx': '0.2622000000000000',
 'imr': '',
 'instId': '1INCH-USDT-SWAP',
 'instType': 'SWAP',
 'interest': '',
 'last': '0.2621',
 'lever': '4',
 'liab': '',
 'liabCcy': '',
 'liqPenalty': '0',
 'liqPx': '0.3252475670307846',
 'margin': '0.65525',
 'markPx': '0.2622',
 'maxSpotInUseAmt': '',
 'mgnMode': 'isolated',
 'mgnRatio': '35.64618066906397',
 'mmr': '0.017043',
 'notionalUsd': '2.62092498',
 'optVal': '',
 'pTime': '1730212455638',
 'pendingCloseOrdLiabVal': '',
 'pnl': '0',
 'pos': '10',
 'posCcy': '',
 'posId': '1936404784601464832',
 'posSide': 'short',
 'quoteBal': '',
 'quoteBorrowed': '',
 'quoteInterest': '',
 'realizedPnl': '-0.0013105',
 'spotInUseAmt': '',
 'spotInUseCcy': '',
 'thetaBS': '',
 'thetaPA': '',
 'tradeId': '34883582',
 'uTime': '1730212455545',
 'upl': '-0.0009999999999999',
 'uplLastPx': '0',
 'uplRatio': '-0.001526135062953',
 'uplRatioLastPx': '0',
 'usdPx': '',
 'vegaBS': '',
 'vegaPA': '',
 'account_id': 2}


